[debug] [2021-04-03T17:19:55.122Z] ----------------------------------------------------------------------
[debug] [2021-04-03T17:19:55.123Z] Command:       C:\Program Files\nodejs\node.exe C:\Users\acer\AppData\Roaming\npm\node_modules\firebase-tools\lib\bin\firebase.js emulators:start
[debug] [2021-04-03T17:19:55.124Z] CLI Version:   9.5.0
[debug] [2021-04-03T17:19:55.124Z] Platform:      win32
[debug] [2021-04-03T17:19:55.124Z] Node Version:  v12.19.0
[debug] [2021-04-03T17:19:55.125Z] Time:          Sat Apr 03 2021 22:49:55 GMT+0530 (India Standard Time)
[debug] [2021-04-03T17:19:55.125Z] ----------------------------------------------------------------------
[debug] [2021-04-03T17:19:55.125Z] 
[debug] [2021-04-03T17:19:55.130Z] > command requires scopes: ["email","openid","https://www.googleapis.com/auth/cloudplatformprojects.readonly","https://www.googleapis.com/auth/firebase","https://www.googleapis.com/auth/cloud-platform"]
[debug] [2021-04-03T17:19:55.131Z] > authorizing via signed-in user
[info] i  emulators: Starting emulators: functions {"metadata":{"emulator":{"name":"hub"},"message":"Starting emulators: functions"}}
[debug] [2021-04-03T17:19:55.153Z] [hub] writing locator at C:\Users\acer\AppData\Local\Temp\hub-portfolio-cd117.json
[warn] !  functions: The following emulators are not running, calls to these services from the Functions emulator will affect production: auth, firestore, database, hosting, pubsub {"metadata":{"emulator":{"name":"functions"},"message":"The following emulators are not running, calls to these services from the Functions emulator will affect production: \u001b[1mauth, firestore, database, hosting, pubsub\u001b[22m"}}
[info] +  functions: Using node@12 from host. {"metadata":{"emulator":{"name":"functions"},"message":"Using node@12 from host."}}
[debug] [2021-04-03T17:19:55.184Z] defaultcredentials: writing to file C:\Users\acer\AppData\Roaming\firebase\harshkhare3_gmail_com_application_default_credentials.json
[debug] [2021-04-03T17:19:55.186Z] Setting GAC to C:\Users\acer\AppData\Roaming\firebase\harshkhare3_gmail_com_application_default_credentials.json {"metadata":{"emulator":{"name":"functions"},"message":"Setting GAC to C:\\Users\\acer\\AppData\\Roaming\\firebase\\harshkhare3_gmail_com_application_default_credentials.json"}}
[debug] [2021-04-03T17:19:55.189Z] >>> [apiv2][query] GET https://firebase.googleapis.com/v1beta1/projects/portfolio-cd117/adminSdkConfig [none]
[debug] [2021-04-03T17:19:55.827Z] <<< [apiv2][status] GET https://firebase.googleapis.com/v1beta1/projects/portfolio-cd117/adminSdkConfig 200
[debug] [2021-04-03T17:19:55.828Z] <<< [apiv2][body] GET https://firebase.googleapis.com/v1beta1/projects/portfolio-cd117/adminSdkConfig {"projectId":"portfolio-cd117","storageBucket":"portfolio-cd117.appspot.com"}
[debug] [2021-04-03T17:19:55.858Z] Ignoring unsupported arg: auto_download {"metadata":{"emulator":{"name":"ui"},"message":"Ignoring unsupported arg: auto_download"}}
[debug] [2021-04-03T17:19:55.859Z] Ignoring unsupported arg: port {"metadata":{"emulator":{"name":"ui"},"message":"Ignoring unsupported arg: port"}}
[debug] [2021-04-03T17:19:55.859Z] Starting Emulator UI with command {"binary":"node","args":["C:\\Users\\acer\\.cache\\firebase\\emulators\\ui-v1.4.2\\server.bundle.js"],"optionalArgs":[],"joinArgs":false} {"metadata":{"emulator":{"name":"ui"},"message":"Starting Emulator UI with command {\"binary\":\"node\",\"args\":[\"C:\\\\Users\\\\acer\\\\.cache\\\\firebase\\\\emulators\\\\ui-v1.4.2\\\\server.bundle.js\"],\"optionalArgs\":[],\"joinArgs\":false}"}}
[info] i  ui: Emulator UI logging to ui-debug.log {"metadata":{"emulator":{"name":"ui"},"message":"Emulator UI logging to \u001b[1mui-debug.log\u001b[22m"}}
[debug] [2021-04-03T17:19:55.966Z] Web / API server started at http://localhost:4000
 {"metadata":{"emulator":{"name":"ui"},"message":"Web / API server started at http://localhost:4000\n"}}
[info] i  functions: Watching "D:\React-js Projects\portfolio\functions" for Cloud Functions... {"metadata":{"emulator":{"name":"functions"},"message":"Watching \"D:\\React-js Projects\\portfolio\\functions\" for Cloud Functions..."}}
[debug] [2021-04-03T17:19:56.155Z] [worker-pool] addWorker(~diagnostic~) {"metadata":{"emulator":{"name":"functions"},"message":"[worker-pool] addWorker(~diagnostic~)"}}
[debug] [2021-04-03T17:19:56.155Z] [worker-pool] Adding worker with key ~diagnostic~, total=1 {"metadata":{"emulator":{"name":"functions"},"message":"[worker-pool] Adding worker with key ~diagnostic~, total=1"}}
[debug] [2021-04-03T17:19:56.155Z] [worker-pool] submitWork(triggerId=) {"metadata":{"emulator":{"name":"functions"},"message":"[worker-pool] submitWork(triggerId=)"}}
[debug] [2021-04-03T17:19:56.156Z] [worker-~diagnostic~-24cebb07-b7e7-462d-86b0-c2475e28960b]: Assigning socketPath: \\?\pipe\D:\React-js Projects\portfolio\functions\12828 {"metadata":{"emulator":{"name":"functions"},"message":"[worker-~diagnostic~-24cebb07-b7e7-462d-86b0-c2475e28960b]: Assigning socketPath: \\\\?\\pipe\\D:\\React-js Projects\\portfolio\\functions\\12828"}}
[debug] [2021-04-03T17:19:56.156Z] [worker-~diagnostic~-24cebb07-b7e7-462d-86b0-c2475e28960b]: BUSY {"metadata":{"emulator":{"name":"functions"},"message":"[worker-~diagnostic~-24cebb07-b7e7-462d-86b0-c2475e28960b]: BUSY"}}
[debug] [2021-04-03T17:19:56.335Z] [runtime-status] [12828] Functions runtime initialized. {"cwd":"D:\\React-js Projects\\portfolio\\functions","node_version":"12.19.0"} {"metadata":{"emulator":{"name":"functions"},"message":"[runtime-status] [12828] Functions runtime initialized. {\"cwd\":\"D:\\\\React-js Projects\\\\portfolio\\\\functions\",\"node_version\":\"12.19.0\"}"}}
[debug] [2021-04-03T17:19:56.336Z] [runtime-status] [12828] Disabled runtime features: undefined {"metadata":{"emulator":{"name":"functions"},"message":"[runtime-status] [12828] Disabled runtime features: undefined"}}
[debug] [2021-04-03T17:19:56.338Z] [runtime-status] [12828] Resolved module firebase-admin {"declared":true,"installed":true,"version":"9.6.0","resolution":"D:\\React-js Projects\\portfolio\\functions\\node_modules\\firebase-admin\\lib\\index.js"} {"metadata":{"emulator":{"name":"functions"},"message":"[runtime-status] [12828] Resolved module firebase-admin {\"declared\":true,\"installed\":true,\"version\":\"9.6.0\",\"resolution\":\"D:\\\\React-js Projects\\\\portfolio\\\\functions\\\\node_modules\\\\firebase-admin\\\\lib\\\\index.js\"}"}}
[debug] [2021-04-03T17:19:56.339Z] [runtime-status] [12828] Resolved module firebase-functions {"declared":true,"installed":true,"version":"3.13.2","resolution":"D:\\React-js Projects\\portfolio\\functions\\node_modules\\firebase-functions\\lib\\index.js"} {"metadata":{"emulator":{"name":"functions"},"message":"[runtime-status] [12828] Resolved module firebase-functions {\"declared\":true,\"installed\":true,\"version\":\"3.13.2\",\"resolution\":\"D:\\\\React-js Projects\\\\portfolio\\\\functions\\\\node_modules\\\\firebase-functions\\\\lib\\\\index.js\"}"}}
[debug] [2021-04-03T17:19:56.340Z] [runtime-status] [12828] Resolved module firebase-functions {"declared":true,"installed":true,"version":"3.13.2","resolution":"D:\\React-js Projects\\portfolio\\functions\\node_modules\\firebase-functions\\lib\\index.js"} {"metadata":{"emulator":{"name":"functions"},"message":"[runtime-status] [12828] Resolved module firebase-functions {\"declared\":true,\"installed\":true,\"version\":\"3.13.2\",\"resolution\":\"D:\\\\React-js Projects\\\\portfolio\\\\functions\\\\node_modules\\\\firebase-functions\\\\lib\\\\index.js\"}"}}
[debug] [2021-04-03T17:19:56.341Z] [runtime-status] [12828] Outgoing network have been stubbed. [{"name":"http","status":"mocked"},{"name":"http","status":"mocked"},{"name":"https","status":"mocked"},{"name":"https","status":"mocked"},{"name":"net","status":"mocked"}] {"metadata":{"emulator":{"name":"functions"},"message":"[runtime-status] [12828] Outgoing network have been stubbed. [{\"name\":\"http\",\"status\":\"mocked\"},{\"name\":\"http\",\"status\":\"mocked\"},{\"name\":\"https\",\"status\":\"mocked\"},{\"name\":\"https\",\"status\":\"mocked\"},{\"name\":\"net\",\"status\":\"mocked\"}]"}}
[debug] [2021-04-03T17:19:56.342Z] [runtime-status] [12828] Resolved module firebase-functions {"declared":true,"installed":true,"version":"3.13.2","resolution":"D:\\React-js Projects\\portfolio\\functions\\node_modules\\firebase-functions\\lib\\index.js"} {"metadata":{"emulator":{"name":"functions"},"message":"[runtime-status] [12828] Resolved module firebase-functions {\"declared\":true,\"installed\":true,\"version\":\"3.13.2\",\"resolution\":\"D:\\\\React-js Projects\\\\portfolio\\\\functions\\\\node_modules\\\\firebase-functions\\\\lib\\\\index.js\"}"}}
[debug] [2021-04-03T17:19:56.378Z] [runtime-status] [12828] Checked functions.config() {"config":{}} {"metadata":{"emulator":{"name":"functions"},"message":"[runtime-status] [12828] Checked functions.config() {\"config\":{}}"}}
[debug] [2021-04-03T17:19:56.378Z] [runtime-status] [12828] firebase-functions has been stubbed. {"functionsResolution":{"declared":true,"installed":true,"version":"3.13.2","resolution":"D:\\React-js Projects\\portfolio\\functions\\node_modules\\firebase-functions\\lib\\index.js"}} {"metadata":{"emulator":{"name":"functions"},"message":"[runtime-status] [12828] firebase-functions has been stubbed. {\"functionsResolution\":{\"declared\":true,\"installed\":true,\"version\":\"3.13.2\",\"resolution\":\"D:\\\\React-js Projects\\\\portfolio\\\\functions\\\\node_modules\\\\firebase-functions\\\\lib\\\\index.js\"}}"}}
[debug] [2021-04-03T17:19:56.378Z] [runtime-status] [12828] Resolved module firebase-functions {"declared":true,"installed":true,"version":"3.13.2","resolution":"D:\\React-js Projects\\portfolio\\functions\\node_modules\\firebase-functions\\lib\\index.js"} {"metadata":{"emulator":{"name":"functions"},"message":"[runtime-status] [12828] Resolved module firebase-functions {\"declared\":true,\"installed\":true,\"version\":\"3.13.2\",\"resolution\":\"D:\\\\React-js Projects\\\\portfolio\\\\functions\\\\node_modules\\\\firebase-functions\\\\lib\\\\index.js\"}"}}
[debug] [2021-04-03T17:19:56.379Z] [runtime-status] [12828] Resolved module firebase-admin {"declared":true,"installed":true,"version":"9.6.0","resolution":"D:\\React-js Projects\\portfolio\\functions\\node_modules\\firebase-admin\\lib\\index.js"} {"metadata":{"emulator":{"name":"functions"},"message":"[runtime-status] [12828] Resolved module firebase-admin {\"declared\":true,\"installed\":true,\"version\":\"9.6.0\",\"resolution\":\"D:\\\\React-js Projects\\\\portfolio\\\\functions\\\\node_modules\\\\firebase-admin\\\\lib\\\\index.js\"}"}}
[debug] [2021-04-03T17:19:56.380Z] [runtime-status] [12828] Resolved module firebase-functions {"declared":true,"installed":true,"version":"3.13.2","resolution":"D:\\React-js Projects\\portfolio\\functions\\node_modules\\firebase-functions\\lib\\index.js"} {"metadata":{"emulator":{"name":"functions"},"message":"[runtime-status] [12828] Resolved module firebase-functions {\"declared\":true,\"installed\":true,\"version\":\"3.13.2\",\"resolution\":\"D:\\\\React-js Projects\\\\portfolio\\\\functions\\\\node_modules\\\\firebase-functions\\\\lib\\\\index.js\"}"}}
[debug] [2021-04-03T17:19:56.380Z] [runtime-status] [12828] firebase-admin has been stubbed. {"adminResolution":{"declared":true,"installed":true,"version":"9.6.0","resolution":"D:\\React-js Projects\\portfolio\\functions\\node_modules\\firebase-admin\\lib\\index.js"}} {"metadata":{"emulator":{"name":"functions"},"message":"[runtime-status] [12828] firebase-admin has been stubbed. {\"adminResolution\":{\"declared\":true,\"installed\":true,\"version\":\"9.6.0\",\"resolution\":\"D:\\\\React-js Projects\\\\portfolio\\\\functions\\\\node_modules\\\\firebase-admin\\\\lib\\\\index.js\"}}"}}
[info] +  functions[app]: http function initialized (http://localhost:5001/portfolio-cd117/us-central1/app). {"metadata":{"emulator":{"name":"functions"},"message":"\u001b[1mhttp\u001b[22m function initialized (http://localhost:5001/portfolio-cd117/us-central1/app)."}}
[info] 
┌─────────────────────────────────────────────────────────────┐
│ ✔  All emulators ready! It is now safe to connect your app. │
│ i  View Emulator UI at http://localhost:4000                │
└─────────────────────────────────────────────────────────────┘

┌───────────┬────────────────┬─────────────────────────────────┐
│ Emulator  │ Host:Port      │ View in Emulator UI             │
├───────────┼────────────────┼─────────────────────────────────┤
│ Functions │ localhost:5001 │ http://localhost:4000/functions │
└───────────┴────────────────┴─────────────────────────────────┘
  Emulator Hub running at localhost:4400
  Other reserved ports: 4500

Issues? Report them at https://github.com/firebase/firebase-tools/issues and attach the *-debug.log files.
 
[debug] [2021-04-03T17:19:56.513Z] [worker-~diagnostic~-24cebb07-b7e7-462d-86b0-c2475e28960b]: IDLE {"metadata":{"emulator":{"name":"functions"},"message":"[worker-~diagnostic~-24cebb07-b7e7-462d-86b0-c2475e28960b]: IDLE"}}
[debug] [2021-04-03T17:20:03.214Z] [work-queue] {"queueLength":1,"workRunningCount":0}
[debug] [2021-04-03T17:20:03.214Z] [work-queue] {"queueLength":0,"workRunningCount":1}
[debug] [2021-04-03T17:20:03.215Z] Accepted request OPTIONS /portfolio-cd117/us-central1/app/email --> app
[debug] [2021-04-03T17:20:03.222Z] [worker-pool] addWorker(app) {"metadata":{"emulator":{"name":"functions"},"message":"[worker-pool] addWorker(app)"}}
[debug] [2021-04-03T17:20:03.222Z] [worker-pool] Adding worker with key app, total=1 {"metadata":{"emulator":{"name":"functions"},"message":"[worker-pool] Adding worker with key app, total=1"}}
[debug] [2021-04-03T17:20:03.222Z] [worker-pool] submitWork(triggerId=app) {"metadata":{"emulator":{"name":"functions"},"message":"[worker-pool] submitWork(triggerId=app)"}}
[debug] [2021-04-03T17:20:03.222Z] [worker-app-c1d86dc5-60cb-4951-8598-144c3ed07740]: Assigning socketPath: \\?\pipe\D:\React-js Projects\portfolio\functions\16792 {"metadata":{"emulator":{"name":"functions"},"message":"[worker-app-c1d86dc5-60cb-4951-8598-144c3ed07740]: Assigning socketPath: \\\\?\\pipe\\D:\\React-js Projects\\portfolio\\functions\\16792"}}
[debug] [2021-04-03T17:20:03.222Z] [worker-app-c1d86dc5-60cb-4951-8598-144c3ed07740]: BUSY {"metadata":{"emulator":{"name":"functions"},"message":"[worker-app-c1d86dc5-60cb-4951-8598-144c3ed07740]: BUSY"}}
[debug] [2021-04-03T17:20:03.469Z] [runtime-status] [16792] Functions runtime initialized. {"cwd":"D:\\React-js Projects\\portfolio\\functions","node_version":"12.19.0"} {"metadata":{"emulator":{"name":"functions"},"function":{"name":"app"},"message":"[runtime-status] [16792] Functions runtime initialized. {\"cwd\":\"D:\\\\React-js Projects\\\\portfolio\\\\functions\",\"node_version\":\"12.19.0\"}"}}
[debug] [2021-04-03T17:20:03.470Z] [runtime-status] [16792] Disabled runtime features: undefined {"metadata":{"emulator":{"name":"functions"},"function":{"name":"app"},"message":"[runtime-status] [16792] Disabled runtime features: undefined"}}
[debug] [2021-04-03T17:20:03.472Z] [runtime-status] [16792] Resolved module firebase-admin {"declared":true,"installed":true,"version":"9.6.0","resolution":"D:\\React-js Projects\\portfolio\\functions\\node_modules\\firebase-admin\\lib\\index.js"} {"metadata":{"emulator":{"name":"functions"},"function":{"name":"app"},"message":"[runtime-status] [16792] Resolved module firebase-admin {\"declared\":true,\"installed\":true,\"version\":\"9.6.0\",\"resolution\":\"D:\\\\React-js Projects\\\\portfolio\\\\functions\\\\node_modules\\\\firebase-admin\\\\lib\\\\index.js\"}"}}
[debug] [2021-04-03T17:20:03.473Z] [runtime-status] [16792] Resolved module firebase-functions {"declared":true,"installed":true,"version":"3.13.2","resolution":"D:\\React-js Projects\\portfolio\\functions\\node_modules\\firebase-functions\\lib\\index.js"} {"metadata":{"emulator":{"name":"functions"},"function":{"name":"app"},"message":"[runtime-status] [16792] Resolved module firebase-functions {\"declared\":true,\"installed\":true,\"version\":\"3.13.2\",\"resolution\":\"D:\\\\React-js Projects\\\\portfolio\\\\functions\\\\node_modules\\\\firebase-functions\\\\lib\\\\index.js\"}"}}
[debug] [2021-04-03T17:20:03.474Z] [runtime-status] [16792] Resolved module firebase-functions {"declared":true,"installed":true,"version":"3.13.2","resolution":"D:\\React-js Projects\\portfolio\\functions\\node_modules\\firebase-functions\\lib\\index.js"} {"metadata":{"emulator":{"name":"functions"},"function":{"name":"app"},"message":"[runtime-status] [16792] Resolved module firebase-functions {\"declared\":true,\"installed\":true,\"version\":\"3.13.2\",\"resolution\":\"D:\\\\React-js Projects\\\\portfolio\\\\functions\\\\node_modules\\\\firebase-functions\\\\lib\\\\index.js\"}"}}
[debug] [2021-04-03T17:20:03.475Z] [runtime-status] [16792] Outgoing network have been stubbed. [{"name":"http","status":"mocked"},{"name":"http","status":"mocked"},{"name":"https","status":"mocked"},{"name":"https","status":"mocked"},{"name":"net","status":"mocked"}] {"metadata":{"emulator":{"name":"functions"},"function":{"name":"app"},"message":"[runtime-status] [16792] Outgoing network have been stubbed. [{\"name\":\"http\",\"status\":\"mocked\"},{\"name\":\"http\",\"status\":\"mocked\"},{\"name\":\"https\",\"status\":\"mocked\"},{\"name\":\"https\",\"status\":\"mocked\"},{\"name\":\"net\",\"status\":\"mocked\"}]"}}
[debug] [2021-04-03T17:20:03.475Z] [runtime-status] [16792] Resolved module firebase-functions {"declared":true,"installed":true,"version":"3.13.2","resolution":"D:\\React-js Projects\\portfolio\\functions\\node_modules\\firebase-functions\\lib\\index.js"} {"metadata":{"emulator":{"name":"functions"},"function":{"name":"app"},"message":"[runtime-status] [16792] Resolved module firebase-functions {\"declared\":true,\"installed\":true,\"version\":\"3.13.2\",\"resolution\":\"D:\\\\React-js Projects\\\\portfolio\\\\functions\\\\node_modules\\\\firebase-functions\\\\lib\\\\index.js\"}"}}
[debug] [2021-04-03T17:20:03.515Z] [runtime-status] [16792] Checked functions.config() {"config":{}} {"metadata":{"emulator":{"name":"functions"},"function":{"name":"app"},"message":"[runtime-status] [16792] Checked functions.config() {\"config\":{}}"}}
[debug] [2021-04-03T17:20:03.515Z] [runtime-status] [16792] firebase-functions has been stubbed. {"functionsResolution":{"declared":true,"installed":true,"version":"3.13.2","resolution":"D:\\React-js Projects\\portfolio\\functions\\node_modules\\firebase-functions\\lib\\index.js"}} {"metadata":{"emulator":{"name":"functions"},"function":{"name":"app"},"message":"[runtime-status] [16792] firebase-functions has been stubbed. {\"functionsResolution\":{\"declared\":true,\"installed\":true,\"version\":\"3.13.2\",\"resolution\":\"D:\\\\React-js Projects\\\\portfolio\\\\functions\\\\node_modules\\\\firebase-functions\\\\lib\\\\index.js\"}}"}}
[debug] [2021-04-03T17:20:03.515Z] [runtime-status] [16792] Resolved module firebase-functions {"declared":true,"installed":true,"version":"3.13.2","resolution":"D:\\React-js Projects\\portfolio\\functions\\node_modules\\firebase-functions\\lib\\index.js"} {"metadata":{"emulator":{"name":"functions"},"function":{"name":"app"},"message":"[runtime-status] [16792] Resolved module firebase-functions {\"declared\":true,\"installed\":true,\"version\":\"3.13.2\",\"resolution\":\"D:\\\\React-js Projects\\\\portfolio\\\\functions\\\\node_modules\\\\firebase-functions\\\\lib\\\\index.js\"}"}}
[debug] [2021-04-03T17:20:03.516Z] [runtime-status] [16792] Resolved module firebase-admin {"declared":true,"installed":true,"version":"9.6.0","resolution":"D:\\React-js Projects\\portfolio\\functions\\node_modules\\firebase-admin\\lib\\index.js"} {"metadata":{"emulator":{"name":"functions"},"function":{"name":"app"},"message":"[runtime-status] [16792] Resolved module firebase-admin {\"declared\":true,\"installed\":true,\"version\":\"9.6.0\",\"resolution\":\"D:\\\\React-js Projects\\\\portfolio\\\\functions\\\\node_modules\\\\firebase-admin\\\\lib\\\\index.js\"}"}}
[debug] [2021-04-03T17:20:03.517Z] [runtime-status] [16792] Resolved module firebase-functions {"declared":true,"installed":true,"version":"3.13.2","resolution":"D:\\React-js Projects\\portfolio\\functions\\node_modules\\firebase-functions\\lib\\index.js"} {"metadata":{"emulator":{"name":"functions"},"function":{"name":"app"},"message":"[runtime-status] [16792] Resolved module firebase-functions {\"declared\":true,\"installed\":true,\"version\":\"3.13.2\",\"resolution\":\"D:\\\\React-js Projects\\\\portfolio\\\\functions\\\\node_modules\\\\firebase-functions\\\\lib\\\\index.js\"}"}}
[debug] [2021-04-03T17:20:03.517Z] [runtime-status] [16792] firebase-admin has been stubbed. {"adminResolution":{"declared":true,"installed":true,"version":"9.6.0","resolution":"D:\\React-js Projects\\portfolio\\functions\\node_modules\\firebase-admin\\lib\\index.js"}} {"metadata":{"emulator":{"name":"functions"},"function":{"name":"app"},"message":"[runtime-status] [16792] firebase-admin has been stubbed. {\"adminResolution\":{\"declared\":true,\"installed\":true,\"version\":\"9.6.0\",\"resolution\":\"D:\\\\React-js Projects\\\\portfolio\\\\functions\\\\node_modules\\\\firebase-admin\\\\lib\\\\index.js\"}}"}}
[debug] [2021-04-03T17:20:03.663Z] [runtime-status] [16792] Trigger "app" has been found, beginning invocation! {"metadata":{"emulator":{"name":"functions"},"function":{"name":"app"},"message":"[runtime-status] [16792] Trigger \"app\" has been found, beginning invocation!"}}
[info] i  functions: Beginning execution of "app" {"metadata":{"emulator":{"name":"functions"},"function":{"name":"app"},"message":"Beginning execution of \"app\""}}
[debug] [2021-04-03T17:20:03.664Z] [runtime-status] [16792] triggerDefinition {"httpsTrigger":{},"name":"app","entryPoint":"app"} {"metadata":{"emulator":{"name":"functions"},"function":{"name":"app"},"message":"[runtime-status] [16792] triggerDefinition {\"httpsTrigger\":{},\"name\":\"app\",\"entryPoint\":\"app\"}"}}
[debug] [2021-04-03T17:20:03.664Z] [runtime-status] [16792] Running app in mode HTTPS {"metadata":{"emulator":{"name":"functions"},"function":{"name":"app"},"message":"[runtime-status] [16792] Running app in mode HTTPS"}}
[debug] [2021-04-03T17:20:03.666Z] [runtime-status] [16792] Attempting to listen to socketPath: \\?\pipe\D:\React-js Projects\portfolio\functions\16792 {"metadata":{"emulator":{"name":"functions"},"function":{"name":"app"},"message":"[runtime-status] [16792] Attempting to listen to socketPath: \\\\?\\pipe\\D:\\React-js Projects\\portfolio\\functions\\16792"}}
[debug] [2021-04-03T17:20:03.669Z] [functions] Runtime ready! Sending request! {"metadata":{"emulator":{"name":"functions"},"message":"[functions] Runtime ready! Sending request!"}}
[debug] [2021-04-03T17:20:03.669Z] [functions] Got req.url=/portfolio-cd117/us-central1/app/email, mapping to path=/email {"metadata":{"emulator":{"name":"functions"},"message":"[functions] Got req.url=/portfolio-cd117/us-central1/app/email, mapping to path=/email"}}
[debug] [2021-04-03T17:20:03.678Z] [runtime-status] [16792] Ephemeral server handling OPTIONS request {"metadata":{"emulator":{"name":"functions"},"function":{"name":"app"},"message":"[runtime-status] [16792] Ephemeral server handling OPTIONS request"}}
[debug] [2021-04-03T17:20:03.683Z] [runtime-status] [16792] Ephemeral server survived. {"metadata":{"emulator":{"name":"functions"},"function":{"name":"app"},"message":"[runtime-status] [16792] Ephemeral server survived."}}
[debug] [2021-04-03T17:20:03.685Z] [work-queue] {"queueLength":1,"workRunningCount":1}
[debug] [2021-04-03T17:20:03.685Z] [work-queue] {"queueLength":0,"workRunningCount":2}
[debug] [2021-04-03T17:20:03.685Z] Accepted request POST /portfolio-cd117/us-central1/app/email --> app
[debug] [2021-04-03T17:20:03.689Z] [worker-pool] addWorker(app) {"metadata":{"emulator":{"name":"functions"},"message":"[worker-pool] addWorker(app)"}}
[debug] [2021-04-03T17:20:03.690Z] [worker-pool] Adding worker with key app, total=2 {"metadata":{"emulator":{"name":"functions"},"message":"[worker-pool] Adding worker with key app, total=2"}}
[debug] [2021-04-03T17:20:03.690Z] [worker-pool] submitWork(triggerId=app) {"metadata":{"emulator":{"name":"functions"},"message":"[worker-pool] submitWork(triggerId=app)"}}
[debug] [2021-04-03T17:20:03.690Z] [worker-app-b1501926-ee20-4737-99a9-0c086f219bc6]: Assigning socketPath: \\?\pipe\D:\React-js Projects\portfolio\functions\15100 {"metadata":{"emulator":{"name":"functions"},"message":"[worker-app-b1501926-ee20-4737-99a9-0c086f219bc6]: Assigning socketPath: \\\\?\\pipe\\D:\\React-js Projects\\portfolio\\functions\\15100"}}
[debug] [2021-04-03T17:20:03.690Z] [worker-app-b1501926-ee20-4737-99a9-0c086f219bc6]: BUSY {"metadata":{"emulator":{"name":"functions"},"message":"[worker-app-b1501926-ee20-4737-99a9-0c086f219bc6]: BUSY"}}
[info] i  functions: Finished "app" in ~1s {"metadata":{"emulator":{"name":"functions"},"function":{"name":"app"},"message":"Finished \"app\" in ~1s"}}
[debug] [2021-04-03T17:20:03.692Z] [worker-app-c1d86dc5-60cb-4951-8598-144c3ed07740]: IDLE {"metadata":{"emulator":{"name":"functions"},"message":"[worker-app-c1d86dc5-60cb-4951-8598-144c3ed07740]: IDLE"}}
[debug] [2021-04-03T17:20:03.693Z] [work-queue] {"queueLength":0,"workRunningCount":1}
[debug] [2021-04-03T17:20:03.872Z] [runtime-status] [15100] Functions runtime initialized. {"cwd":"D:\\React-js Projects\\portfolio\\functions","node_version":"12.19.0"} {"metadata":{"emulator":{"name":"functions"},"function":{"name":"app"},"message":"[runtime-status] [15100] Functions runtime initialized. {\"cwd\":\"D:\\\\React-js Projects\\\\portfolio\\\\functions\",\"node_version\":\"12.19.0\"}"}}
[debug] [2021-04-03T17:20:03.873Z] [runtime-status] [15100] Disabled runtime features: undefined {"metadata":{"emulator":{"name":"functions"},"function":{"name":"app"},"message":"[runtime-status] [15100] Disabled runtime features: undefined"}}
[debug] [2021-04-03T17:20:03.876Z] [runtime-status] [15100] Resolved module firebase-admin {"declared":true,"installed":true,"version":"9.6.0","resolution":"D:\\React-js Projects\\portfolio\\functions\\node_modules\\firebase-admin\\lib\\index.js"} {"metadata":{"emulator":{"name":"functions"},"function":{"name":"app"},"message":"[runtime-status] [15100] Resolved module firebase-admin {\"declared\":true,\"installed\":true,\"version\":\"9.6.0\",\"resolution\":\"D:\\\\React-js Projects\\\\portfolio\\\\functions\\\\node_modules\\\\firebase-admin\\\\lib\\\\index.js\"}"}}
[debug] [2021-04-03T17:20:03.877Z] [runtime-status] [15100] Resolved module firebase-functions {"declared":true,"installed":true,"version":"3.13.2","resolution":"D:\\React-js Projects\\portfolio\\functions\\node_modules\\firebase-functions\\lib\\index.js"} {"metadata":{"emulator":{"name":"functions"},"function":{"name":"app"},"message":"[runtime-status] [15100] Resolved module firebase-functions {\"declared\":true,\"installed\":true,\"version\":\"3.13.2\",\"resolution\":\"D:\\\\React-js Projects\\\\portfolio\\\\functions\\\\node_modules\\\\firebase-functions\\\\lib\\\\index.js\"}"}}
[debug] [2021-04-03T17:20:03.877Z] [runtime-status] [15100] Resolved module firebase-functions {"declared":true,"installed":true,"version":"3.13.2","resolution":"D:\\React-js Projects\\portfolio\\functions\\node_modules\\firebase-functions\\lib\\index.js"} {"metadata":{"emulator":{"name":"functions"},"function":{"name":"app"},"message":"[runtime-status] [15100] Resolved module firebase-functions {\"declared\":true,\"installed\":true,\"version\":\"3.13.2\",\"resolution\":\"D:\\\\React-js Projects\\\\portfolio\\\\functions\\\\node_modules\\\\firebase-functions\\\\lib\\\\index.js\"}"}}
[debug] [2021-04-03T17:20:03.879Z] [runtime-status] [15100] Outgoing network have been stubbed. [{"name":"http","status":"mocked"},{"name":"http","status":"mocked"},{"name":"https","status":"mocked"},{"name":"https","status":"mocked"},{"name":"net","status":"mocked"}] {"metadata":{"emulator":{"name":"functions"},"function":{"name":"app"},"message":"[runtime-status] [15100] Outgoing network have been stubbed. [{\"name\":\"http\",\"status\":\"mocked\"},{\"name\":\"http\",\"status\":\"mocked\"},{\"name\":\"https\",\"status\":\"mocked\"},{\"name\":\"https\",\"status\":\"mocked\"},{\"name\":\"net\",\"status\":\"mocked\"}]"}}
[debug] [2021-04-03T17:20:03.879Z] [runtime-status] [15100] Resolved module firebase-functions {"declared":true,"installed":true,"version":"3.13.2","resolution":"D:\\React-js Projects\\portfolio\\functions\\node_modules\\firebase-functions\\lib\\index.js"} {"metadata":{"emulator":{"name":"functions"},"function":{"name":"app"},"message":"[runtime-status] [15100] Resolved module firebase-functions {\"declared\":true,\"installed\":true,\"version\":\"3.13.2\",\"resolution\":\"D:\\\\React-js Projects\\\\portfolio\\\\functions\\\\node_modules\\\\firebase-functions\\\\lib\\\\index.js\"}"}}
[debug] [2021-04-03T17:20:03.915Z] [runtime-status] [15100] Checked functions.config() {"config":{}} {"metadata":{"emulator":{"name":"functions"},"function":{"name":"app"},"message":"[runtime-status] [15100] Checked functions.config() {\"config\":{}}"}}
[debug] [2021-04-03T17:20:03.915Z] [runtime-status] [15100] firebase-functions has been stubbed. {"functionsResolution":{"declared":true,"installed":true,"version":"3.13.2","resolution":"D:\\React-js Projects\\portfolio\\functions\\node_modules\\firebase-functions\\lib\\index.js"}} {"metadata":{"emulator":{"name":"functions"},"function":{"name":"app"},"message":"[runtime-status] [15100] firebase-functions has been stubbed. {\"functionsResolution\":{\"declared\":true,\"installed\":true,\"version\":\"3.13.2\",\"resolution\":\"D:\\\\React-js Projects\\\\portfolio\\\\functions\\\\node_modules\\\\firebase-functions\\\\lib\\\\index.js\"}}"}}
[debug] [2021-04-03T17:20:03.915Z] [runtime-status] [15100] Resolved module firebase-functions {"declared":true,"installed":true,"version":"3.13.2","resolution":"D:\\React-js Projects\\portfolio\\functions\\node_modules\\firebase-functions\\lib\\index.js"} {"metadata":{"emulator":{"name":"functions"},"function":{"name":"app"},"message":"[runtime-status] [15100] Resolved module firebase-functions {\"declared\":true,\"installed\":true,\"version\":\"3.13.2\",\"resolution\":\"D:\\\\React-js Projects\\\\portfolio\\\\functions\\\\node_modules\\\\firebase-functions\\\\lib\\\\index.js\"}"}}
[debug] [2021-04-03T17:20:03.916Z] [runtime-status] [15100] Resolved module firebase-admin {"declared":true,"installed":true,"version":"9.6.0","resolution":"D:\\React-js Projects\\portfolio\\functions\\node_modules\\firebase-admin\\lib\\index.js"} {"metadata":{"emulator":{"name":"functions"},"function":{"name":"app"},"message":"[runtime-status] [15100] Resolved module firebase-admin {\"declared\":true,\"installed\":true,\"version\":\"9.6.0\",\"resolution\":\"D:\\\\React-js Projects\\\\portfolio\\\\functions\\\\node_modules\\\\firebase-admin\\\\lib\\\\index.js\"}"}}
[debug] [2021-04-03T17:20:03.917Z] [runtime-status] [15100] Resolved module firebase-functions {"declared":true,"installed":true,"version":"3.13.2","resolution":"D:\\React-js Projects\\portfolio\\functions\\node_modules\\firebase-functions\\lib\\index.js"} {"metadata":{"emulator":{"name":"functions"},"function":{"name":"app"},"message":"[runtime-status] [15100] Resolved module firebase-functions {\"declared\":true,\"installed\":true,\"version\":\"3.13.2\",\"resolution\":\"D:\\\\React-js Projects\\\\portfolio\\\\functions\\\\node_modules\\\\firebase-functions\\\\lib\\\\index.js\"}"}}
[debug] [2021-04-03T17:20:03.917Z] [runtime-status] [15100] firebase-admin has been stubbed. {"adminResolution":{"declared":true,"installed":true,"version":"9.6.0","resolution":"D:\\React-js Projects\\portfolio\\functions\\node_modules\\firebase-admin\\lib\\index.js"}} {"metadata":{"emulator":{"name":"functions"},"function":{"name":"app"},"message":"[runtime-status] [15100] firebase-admin has been stubbed. {\"adminResolution\":{\"declared\":true,\"installed\":true,\"version\":\"9.6.0\",\"resolution\":\"D:\\\\React-js Projects\\\\portfolio\\\\functions\\\\node_modules\\\\firebase-admin\\\\lib\\\\index.js\"}}"}}
[debug] [2021-04-03T17:20:04.058Z] [runtime-status] [15100] Trigger "app" has been found, beginning invocation! {"metadata":{"emulator":{"name":"functions"},"function":{"name":"app"},"message":"[runtime-status] [15100] Trigger \"app\" has been found, beginning invocation!"}}
[info] i  functions: Beginning execution of "app" {"metadata":{"emulator":{"name":"functions"},"function":{"name":"app"},"message":"Beginning execution of \"app\""}}
[debug] [2021-04-03T17:20:04.059Z] [runtime-status] [15100] triggerDefinition {"httpsTrigger":{},"name":"app","entryPoint":"app"} {"metadata":{"emulator":{"name":"functions"},"function":{"name":"app"},"message":"[runtime-status] [15100] triggerDefinition {\"httpsTrigger\":{},\"name\":\"app\",\"entryPoint\":\"app\"}"}}
[debug] [2021-04-03T17:20:04.059Z] [runtime-status] [15100] Running app in mode HTTPS {"metadata":{"emulator":{"name":"functions"},"function":{"name":"app"},"message":"[runtime-status] [15100] Running app in mode HTTPS"}}
[debug] [2021-04-03T17:20:04.063Z] [runtime-status] [15100] Attempting to listen to socketPath: \\?\pipe\D:\React-js Projects\portfolio\functions\15100 {"metadata":{"emulator":{"name":"functions"},"function":{"name":"app"},"message":"[runtime-status] [15100] Attempting to listen to socketPath: \\\\?\\pipe\\D:\\React-js Projects\\portfolio\\functions\\15100"}}
[debug] [2021-04-03T17:20:04.066Z] [functions] Runtime ready! Sending request! {"metadata":{"emulator":{"name":"functions"},"message":"[functions] Runtime ready! Sending request!"}}
[debug] [2021-04-03T17:20:04.067Z] [functions] Got req.url=/portfolio-cd117/us-central1/app/email, mapping to path=/email {"metadata":{"emulator":{"name":"functions"},"message":"[functions] Got req.url=/portfolio-cd117/us-central1/app/email, mapping to path=/email"}}
[debug] [2021-04-03T17:20:04.091Z] [runtime-status] [15100] Ephemeral server handling POST request {"metadata":{"emulator":{"name":"functions"},"function":{"name":"app"},"message":"[runtime-status] [15100] Ephemeral server handling POST request"}}
[info] >  { email: 'harshkhare3@gmail.com', message: 'yoo' } {"user":"{ email: 'harshkhare3@gmail.com', message: 'yoo' }","metadata":{"emulator":{"name":"functions"},"function":{"name":"app"},"message":"\u001b[90m> \u001b[39m { email: 'harshkhare3@gmail.com', message: 'yoo' }"}}
[debug] [2021-04-03T17:20:04.104Z] [runtime-status] [15100] Ephemeral server survived. {"metadata":{"emulator":{"name":"functions"},"function":{"name":"app"},"message":"[runtime-status] [15100] Ephemeral server survived."}}
[info] i  functions: Finished "app" in ~1s {"metadata":{"emulator":{"name":"functions"},"function":{"name":"app"},"message":"Finished \"app\" in ~1s"}}
[debug] [2021-04-03T17:20:05.119Z] [worker-app-b1501926-ee20-4737-99a9-0c086f219bc6]: IDLE {"metadata":{"emulator":{"name":"functions"},"message":"[worker-app-b1501926-ee20-4737-99a9-0c086f219bc6]: IDLE"}}
[debug] [2021-04-03T17:20:05.120Z] [work-queue] {"queueLength":0,"workRunningCount":0}
[debug] [2021-04-03T17:21:02.910Z] [work-queue] {"queueLength":1,"workRunningCount":0}
[debug] [2021-04-03T17:21:02.910Z] [work-queue] {"queueLength":0,"workRunningCount":1}
[debug] [2021-04-03T17:21:02.911Z] Accepted request OPTIONS /portfolio-cd117/us-central1/app/email --> app
[debug] [2021-04-03T17:21:02.911Z] [worker-pool] submitWork(triggerId=app) {"metadata":{"emulator":{"name":"functions"},"message":"[worker-pool] submitWork(triggerId=app)"}}
[debug] [2021-04-03T17:21:02.911Z] [worker-app-c1d86dc5-60cb-4951-8598-144c3ed07740]: Assigning socketPath: \\?\pipe\D:\React-js Projects\portfolio\functions\16792 {"metadata":{"emulator":{"name":"functions"},"message":"[worker-app-c1d86dc5-60cb-4951-8598-144c3ed07740]: Assigning socketPath: \\\\?\\pipe\\D:\\React-js Projects\\portfolio\\functions\\16792"}}
[debug] [2021-04-03T17:21:02.911Z] [worker-app-c1d86dc5-60cb-4951-8598-144c3ed07740]: BUSY {"metadata":{"emulator":{"name":"functions"},"message":"[worker-app-c1d86dc5-60cb-4951-8598-144c3ed07740]: BUSY"}}
[debug] [2021-04-03T17:21:02.912Z] [runtime-status] [16792] Trigger "app" has been found, beginning invocation! {"metadata":{"emulator":{"name":"functions"},"function":{"name":"app"},"message":"[runtime-status] [16792] Trigger \"app\" has been found, beginning invocation!"}}
[info] i  functions: Beginning execution of "app" {"metadata":{"emulator":{"name":"functions"},"function":{"name":"app"},"message":"Beginning execution of \"app\""}}
[debug] [2021-04-03T17:21:02.913Z] [runtime-status] [16792] triggerDefinition {"httpsTrigger":{},"name":"app","entryPoint":"app"} {"metadata":{"emulator":{"name":"functions"},"function":{"name":"app"},"message":"[runtime-status] [16792] triggerDefinition {\"httpsTrigger\":{},\"name\":\"app\",\"entryPoint\":\"app\"}"}}
[debug] [2021-04-03T17:21:02.913Z] [runtime-status] [16792] Running app in mode HTTPS {"metadata":{"emulator":{"name":"functions"},"function":{"name":"app"},"message":"[runtime-status] [16792] Running app in mode HTTPS"}}
[debug] [2021-04-03T17:21:02.914Z] [runtime-status] [16792] Attempting to listen to socketPath: \\?\pipe\D:\React-js Projects\portfolio\functions\16792 {"metadata":{"emulator":{"name":"functions"},"function":{"name":"app"},"message":"[runtime-status] [16792] Attempting to listen to socketPath: \\\\?\\pipe\\D:\\React-js Projects\\portfolio\\functions\\16792"}}
[debug] [2021-04-03T17:21:02.916Z] [functions] Runtime ready! Sending request! {"metadata":{"emulator":{"name":"functions"},"message":"[functions] Runtime ready! Sending request!"}}
[debug] [2021-04-03T17:21:02.916Z] [functions] Got req.url=/portfolio-cd117/us-central1/app/email, mapping to path=/email {"metadata":{"emulator":{"name":"functions"},"message":"[functions] Got req.url=/portfolio-cd117/us-central1/app/email, mapping to path=/email"}}
[debug] [2021-04-03T17:21:02.919Z] [runtime-status] [16792] Ephemeral server handling OPTIONS request {"metadata":{"emulator":{"name":"functions"},"function":{"name":"app"},"message":"[runtime-status] [16792] Ephemeral server handling OPTIONS request"}}
[debug] [2021-04-03T17:21:02.920Z] [runtime-status] [16792] Ephemeral server survived. {"metadata":{"emulator":{"name":"functions"},"function":{"name":"app"},"message":"[runtime-status] [16792] Ephemeral server survived."}}
[info] i  functions: Finished "app" in ~1s {"metadata":{"emulator":{"name":"functions"},"function":{"name":"app"},"message":"Finished \"app\" in ~1s"}}
[debug] [2021-04-03T17:21:02.921Z] [worker-app-c1d86dc5-60cb-4951-8598-144c3ed07740]: IDLE {"metadata":{"emulator":{"name":"functions"},"message":"[worker-app-c1d86dc5-60cb-4951-8598-144c3ed07740]: IDLE"}}
[debug] [2021-04-03T17:21:02.921Z] [work-queue] {"queueLength":0,"workRunningCount":0}
[debug] [2021-04-03T17:21:02.921Z] [work-queue] {"queueLength":1,"workRunningCount":0}
[debug] [2021-04-03T17:21:02.922Z] [work-queue] {"queueLength":0,"workRunningCount":1}
[debug] [2021-04-03T17:21:02.922Z] Accepted request POST /portfolio-cd117/us-central1/app/email --> app
[debug] [2021-04-03T17:21:02.922Z] [worker-pool] submitWork(triggerId=app) {"metadata":{"emulator":{"name":"functions"},"message":"[worker-pool] submitWork(triggerId=app)"}}
[debug] [2021-04-03T17:21:02.922Z] [worker-app-c1d86dc5-60cb-4951-8598-144c3ed07740]: Assigning socketPath: \\?\pipe\D:\React-js Projects\portfolio\functions\16792 {"metadata":{"emulator":{"name":"functions"},"message":"[worker-app-c1d86dc5-60cb-4951-8598-144c3ed07740]: Assigning socketPath: \\\\?\\pipe\\D:\\React-js Projects\\portfolio\\functions\\16792"}}
[debug] [2021-04-03T17:21:02.922Z] [worker-app-c1d86dc5-60cb-4951-8598-144c3ed07740]: BUSY {"metadata":{"emulator":{"name":"functions"},"message":"[worker-app-c1d86dc5-60cb-4951-8598-144c3ed07740]: BUSY"}}
[debug] [2021-04-03T17:21:02.941Z] [runtime-status] [16792] Trigger "app" has been found, beginning invocation! {"metadata":{"emulator":{"name":"functions"},"function":{"name":"app"},"message":"[runtime-status] [16792] Trigger \"app\" has been found, beginning invocation!"}}
[info] i  functions: Beginning execution of "app" {"metadata":{"emulator":{"name":"functions"},"function":{"name":"app"},"message":"Beginning execution of \"app\""}}
[debug] [2021-04-03T17:21:02.943Z] [runtime-status] [16792] triggerDefinition {"httpsTrigger":{},"name":"app","entryPoint":"app"} {"metadata":{"emulator":{"name":"functions"},"function":{"name":"app"},"message":"[runtime-status] [16792] triggerDefinition {\"httpsTrigger\":{},\"name\":\"app\",\"entryPoint\":\"app\"}"}}
[debug] [2021-04-03T17:21:02.943Z] [runtime-status] [16792] Running app in mode HTTPS {"metadata":{"emulator":{"name":"functions"},"function":{"name":"app"},"message":"[runtime-status] [16792] Running app in mode HTTPS"}}
[debug] [2021-04-03T17:21:02.944Z] [runtime-status] [16792] Attempting to listen to socketPath: \\?\pipe\D:\React-js Projects\portfolio\functions\16792 {"metadata":{"emulator":{"name":"functions"},"function":{"name":"app"},"message":"[runtime-status] [16792] Attempting to listen to socketPath: \\\\?\\pipe\\D:\\React-js Projects\\portfolio\\functions\\16792"}}
[debug] [2021-04-03T17:21:02.945Z] [functions] Runtime ready! Sending request! {"metadata":{"emulator":{"name":"functions"},"message":"[functions] Runtime ready! Sending request!"}}
[debug] [2021-04-03T17:21:02.945Z] [functions] Got req.url=/portfolio-cd117/us-central1/app/email, mapping to path=/email {"metadata":{"emulator":{"name":"functions"},"message":"[functions] Got req.url=/portfolio-cd117/us-central1/app/email, mapping to path=/email"}}
[debug] [2021-04-03T17:21:02.962Z] [runtime-status] [16792] Ephemeral server handling POST request {"metadata":{"emulator":{"name":"functions"},"function":{"name":"app"},"message":"[runtime-status] [16792] Ephemeral server handling POST request"}}
[info] >  { email: 'harshkhare3@gmail.com', message: 'yoo' } {"user":"{ email: 'harshkhare3@gmail.com', message: 'yoo' }","metadata":{"emulator":{"name":"functions"},"function":{"name":"app"},"message":"\u001b[90m> \u001b[39m { email: 'harshkhare3@gmail.com', message: 'yoo' }"}}
[debug] [2021-04-03T17:21:02.969Z] [runtime-status] [16792] Ephemeral server survived. {"metadata":{"emulator":{"name":"functions"},"function":{"name":"app"},"message":"[runtime-status] [16792] Ephemeral server survived."}}
[info] i  functions: Finished "app" in ~1s {"metadata":{"emulator":{"name":"functions"},"function":{"name":"app"},"message":"Finished \"app\" in ~1s"}}
[debug] [2021-04-03T17:21:03.975Z] [worker-app-c1d86dc5-60cb-4951-8598-144c3ed07740]: IDLE {"metadata":{"emulator":{"name":"functions"},"message":"[worker-app-c1d86dc5-60cb-4951-8598-144c3ed07740]: IDLE"}}
[debug] [2021-04-03T17:21:03.976Z] [work-queue] {"queueLength":0,"workRunningCount":0}
[debug] [2021-04-03T17:21:20.206Z] [work-queue] {"queueLength":1,"workRunningCount":0}
[debug] [2021-04-03T17:21:20.208Z] [work-queue] {"queueLength":0,"workRunningCount":1}
[debug] [2021-04-03T17:21:20.208Z] Accepted request OPTIONS /portfolio-cd117/us-central1/app/email --> app
[debug] [2021-04-03T17:21:20.209Z] [worker-pool] submitWork(triggerId=app) {"metadata":{"emulator":{"name":"functions"},"message":"[worker-pool] submitWork(triggerId=app)"}}
[debug] [2021-04-03T17:21:20.209Z] [worker-app-c1d86dc5-60cb-4951-8598-144c3ed07740]: Assigning socketPath: \\?\pipe\D:\React-js Projects\portfolio\functions\16792 {"metadata":{"emulator":{"name":"functions"},"message":"[worker-app-c1d86dc5-60cb-4951-8598-144c3ed07740]: Assigning socketPath: \\\\?\\pipe\\D:\\React-js Projects\\portfolio\\functions\\16792"}}
[debug] [2021-04-03T17:21:20.209Z] [worker-app-c1d86dc5-60cb-4951-8598-144c3ed07740]: BUSY {"metadata":{"emulator":{"name":"functions"},"message":"[worker-app-c1d86dc5-60cb-4951-8598-144c3ed07740]: BUSY"}}
[debug] [2021-04-03T17:21:20.210Z] [runtime-status] [16792] Trigger "app" has been found, beginning invocation! {"metadata":{"emulator":{"name":"functions"},"function":{"name":"app"},"message":"[runtime-status] [16792] Trigger \"app\" has been found, beginning invocation!"}}
[info] i  functions: Beginning execution of "app" {"metadata":{"emulator":{"name":"functions"},"function":{"name":"app"},"message":"Beginning execution of \"app\""}}
[debug] [2021-04-03T17:21:20.212Z] [runtime-status] [16792] triggerDefinition {"httpsTrigger":{},"name":"app","entryPoint":"app"} {"metadata":{"emulator":{"name":"functions"},"function":{"name":"app"},"message":"[runtime-status] [16792] triggerDefinition {\"httpsTrigger\":{},\"name\":\"app\",\"entryPoint\":\"app\"}"}}
[debug] [2021-04-03T17:21:20.212Z] [runtime-status] [16792] Running app in mode HTTPS {"metadata":{"emulator":{"name":"functions"},"function":{"name":"app"},"message":"[runtime-status] [16792] Running app in mode HTTPS"}}
[debug] [2021-04-03T17:21:20.212Z] [runtime-status] [16792] Attempting to listen to socketPath: \\?\pipe\D:\React-js Projects\portfolio\functions\16792 {"metadata":{"emulator":{"name":"functions"},"function":{"name":"app"},"message":"[runtime-status] [16792] Attempting to listen to socketPath: \\\\?\\pipe\\D:\\React-js Projects\\portfolio\\functions\\16792"}}
[debug] [2021-04-03T17:21:20.214Z] [functions] Runtime ready! Sending request! {"metadata":{"emulator":{"name":"functions"},"message":"[functions] Runtime ready! Sending request!"}}
[debug] [2021-04-03T17:21:20.214Z] [functions] Got req.url=/portfolio-cd117/us-central1/app/email, mapping to path=/email {"metadata":{"emulator":{"name":"functions"},"message":"[functions] Got req.url=/portfolio-cd117/us-central1/app/email, mapping to path=/email"}}
[debug] [2021-04-03T17:21:20.218Z] [runtime-status] [16792] Ephemeral server handling OPTIONS request {"metadata":{"emulator":{"name":"functions"},"function":{"name":"app"},"message":"[runtime-status] [16792] Ephemeral server handling OPTIONS request"}}
[debug] [2021-04-03T17:21:20.220Z] [runtime-status] [16792] Ephemeral server survived. {"metadata":{"emulator":{"name":"functions"},"function":{"name":"app"},"message":"[runtime-status] [16792] Ephemeral server survived."}}
[info] i  functions: Finished "app" in ~1s {"metadata":{"emulator":{"name":"functions"},"function":{"name":"app"},"message":"Finished \"app\" in ~1s"}}
[debug] [2021-04-03T17:21:20.222Z] [worker-app-c1d86dc5-60cb-4951-8598-144c3ed07740]: IDLE {"metadata":{"emulator":{"name":"functions"},"message":"[worker-app-c1d86dc5-60cb-4951-8598-144c3ed07740]: IDLE"}}
[debug] [2021-04-03T17:21:20.222Z] [work-queue] {"queueLength":0,"workRunningCount":0}
[debug] [2021-04-03T17:21:20.223Z] [work-queue] {"queueLength":1,"workRunningCount":0}
[debug] [2021-04-03T17:21:20.223Z] [work-queue] {"queueLength":0,"workRunningCount":1}
[debug] [2021-04-03T17:21:20.223Z] Accepted request POST /portfolio-cd117/us-central1/app/email --> app
[debug] [2021-04-03T17:21:20.223Z] [worker-pool] submitWork(triggerId=app) {"metadata":{"emulator":{"name":"functions"},"message":"[worker-pool] submitWork(triggerId=app)"}}
[debug] [2021-04-03T17:21:20.223Z] [worker-app-c1d86dc5-60cb-4951-8598-144c3ed07740]: Assigning socketPath: \\?\pipe\D:\React-js Projects\portfolio\functions\16792 {"metadata":{"emulator":{"name":"functions"},"message":"[worker-app-c1d86dc5-60cb-4951-8598-144c3ed07740]: Assigning socketPath: \\\\?\\pipe\\D:\\React-js Projects\\portfolio\\functions\\16792"}}
[debug] [2021-04-03T17:21:20.223Z] [worker-app-c1d86dc5-60cb-4951-8598-144c3ed07740]: BUSY {"metadata":{"emulator":{"name":"functions"},"message":"[worker-app-c1d86dc5-60cb-4951-8598-144c3ed07740]: BUSY"}}
[debug] [2021-04-03T17:21:20.238Z] [runtime-status] [16792] Trigger "app" has been found, beginning invocation! {"metadata":{"emulator":{"name":"functions"},"function":{"name":"app"},"message":"[runtime-status] [16792] Trigger \"app\" has been found, beginning invocation!"}}
[info] i  functions: Beginning execution of "app" {"metadata":{"emulator":{"name":"functions"},"function":{"name":"app"},"message":"Beginning execution of \"app\""}}
[debug] [2021-04-03T17:21:20.240Z] [runtime-status] [16792] triggerDefinition {"httpsTrigger":{},"name":"app","entryPoint":"app"} {"metadata":{"emulator":{"name":"functions"},"function":{"name":"app"},"message":"[runtime-status] [16792] triggerDefinition {\"httpsTrigger\":{},\"name\":\"app\",\"entryPoint\":\"app\"}"}}
[debug] [2021-04-03T17:21:20.240Z] [runtime-status] [16792] Running app in mode HTTPS {"metadata":{"emulator":{"name":"functions"},"function":{"name":"app"},"message":"[runtime-status] [16792] Running app in mode HTTPS"}}
[debug] [2021-04-03T17:21:20.240Z] [runtime-status] [16792] Attempting to listen to socketPath: \\?\pipe\D:\React-js Projects\portfolio\functions\16792 {"metadata":{"emulator":{"name":"functions"},"function":{"name":"app"},"message":"[runtime-status] [16792] Attempting to listen to socketPath: \\\\?\\pipe\\D:\\React-js Projects\\portfolio\\functions\\16792"}}
[debug] [2021-04-03T17:21:20.242Z] [functions] Runtime ready! Sending request! {"metadata":{"emulator":{"name":"functions"},"message":"[functions] Runtime ready! Sending request!"}}
[debug] [2021-04-03T17:21:20.242Z] [functions] Got req.url=/portfolio-cd117/us-central1/app/email, mapping to path=/email {"metadata":{"emulator":{"name":"functions"},"message":"[functions] Got req.url=/portfolio-cd117/us-central1/app/email, mapping to path=/email"}}
[debug] [2021-04-03T17:21:20.244Z] [runtime-status] [16792] Ephemeral server handling POST request {"metadata":{"emulator":{"name":"functions"},"function":{"name":"app"},"message":"[runtime-status] [16792] Ephemeral server handling POST request"}}
[info] >  { email: 'harshkhare3@gmail.com', message: 'yoo' } {"user":"{ email: 'harshkhare3@gmail.com', message: 'yoo' }","metadata":{"emulator":{"name":"functions"},"function":{"name":"app"},"message":"\u001b[90m> \u001b[39m { email: 'harshkhare3@gmail.com', message: 'yoo' }"}}
[debug] [2021-04-03T17:21:20.246Z] [runtime-status] [16792] Ephemeral server survived. {"metadata":{"emulator":{"name":"functions"},"function":{"name":"app"},"message":"[runtime-status] [16792] Ephemeral server survived."}}
[info] i  functions: Finished "app" in ~1s {"metadata":{"emulator":{"name":"functions"},"function":{"name":"app"},"message":"Finished \"app\" in ~1s"}}
[debug] [2021-04-03T17:21:21.167Z] [worker-app-c1d86dc5-60cb-4951-8598-144c3ed07740]: IDLE {"metadata":{"emulator":{"name":"functions"},"message":"[worker-app-c1d86dc5-60cb-4951-8598-144c3ed07740]: IDLE"}}
[debug] [2021-04-03T17:21:21.168Z] [work-queue] {"queueLength":0,"workRunningCount":0}
[debug] [2021-04-03T17:22:14.537Z] [work-queue] {"queueLength":1,"workRunningCount":0}
[debug] [2021-04-03T17:22:14.538Z] [work-queue] {"queueLength":0,"workRunningCount":1}
[debug] [2021-04-03T17:22:14.538Z] Accepted request OPTIONS /portfolio-cd117/us-central1/app/email --> app
[debug] [2021-04-03T17:22:14.538Z] [worker-pool] submitWork(triggerId=app) {"metadata":{"emulator":{"name":"functions"},"message":"[worker-pool] submitWork(triggerId=app)"}}
[debug] [2021-04-03T17:22:14.538Z] [worker-app-c1d86dc5-60cb-4951-8598-144c3ed07740]: Assigning socketPath: \\?\pipe\D:\React-js Projects\portfolio\functions\16792 {"metadata":{"emulator":{"name":"functions"},"message":"[worker-app-c1d86dc5-60cb-4951-8598-144c3ed07740]: Assigning socketPath: \\\\?\\pipe\\D:\\React-js Projects\\portfolio\\functions\\16792"}}
[debug] [2021-04-03T17:22:14.538Z] [worker-app-c1d86dc5-60cb-4951-8598-144c3ed07740]: BUSY {"metadata":{"emulator":{"name":"functions"},"message":"[worker-app-c1d86dc5-60cb-4951-8598-144c3ed07740]: BUSY"}}
[debug] [2021-04-03T17:22:14.539Z] [runtime-status] [16792] Trigger "app" has been found, beginning invocation! {"metadata":{"emulator":{"name":"functions"},"function":{"name":"app"},"message":"[runtime-status] [16792] Trigger \"app\" has been found, beginning invocation!"}}
[info] i  functions: Beginning execution of "app" {"metadata":{"emulator":{"name":"functions"},"function":{"name":"app"},"message":"Beginning execution of \"app\""}}
[debug] [2021-04-03T17:22:14.541Z] [runtime-status] [16792] triggerDefinition {"httpsTrigger":{},"name":"app","entryPoint":"app"} {"metadata":{"emulator":{"name":"functions"},"function":{"name":"app"},"message":"[runtime-status] [16792] triggerDefinition {\"httpsTrigger\":{},\"name\":\"app\",\"entryPoint\":\"app\"}"}}
[debug] [2021-04-03T17:22:14.541Z] [runtime-status] [16792] Running app in mode HTTPS {"metadata":{"emulator":{"name":"functions"},"function":{"name":"app"},"message":"[runtime-status] [16792] Running app in mode HTTPS"}}
[debug] [2021-04-03T17:22:14.541Z] [runtime-status] [16792] Attempting to listen to socketPath: \\?\pipe\D:\React-js Projects\portfolio\functions\16792 {"metadata":{"emulator":{"name":"functions"},"function":{"name":"app"},"message":"[runtime-status] [16792] Attempting to listen to socketPath: \\\\?\\pipe\\D:\\React-js Projects\\portfolio\\functions\\16792"}}
[debug] [2021-04-03T17:22:14.543Z] [functions] Runtime ready! Sending request! {"metadata":{"emulator":{"name":"functions"},"message":"[functions] Runtime ready! Sending request!"}}
[debug] [2021-04-03T17:22:14.543Z] [functions] Got req.url=/portfolio-cd117/us-central1/app/email, mapping to path=/email {"metadata":{"emulator":{"name":"functions"},"message":"[functions] Got req.url=/portfolio-cd117/us-central1/app/email, mapping to path=/email"}}
[debug] [2021-04-03T17:22:14.546Z] [runtime-status] [16792] Ephemeral server handling OPTIONS request {"metadata":{"emulator":{"name":"functions"},"function":{"name":"app"},"message":"[runtime-status] [16792] Ephemeral server handling OPTIONS request"}}
[debug] [2021-04-03T17:22:14.547Z] [runtime-status] [16792] Ephemeral server survived. {"metadata":{"emulator":{"name":"functions"},"function":{"name":"app"},"message":"[runtime-status] [16792] Ephemeral server survived."}}
[info] i  functions: Finished "app" in ~1s {"metadata":{"emulator":{"name":"functions"},"function":{"name":"app"},"message":"Finished \"app\" in ~1s"}}
[debug] [2021-04-03T17:22:14.548Z] [worker-app-c1d86dc5-60cb-4951-8598-144c3ed07740]: IDLE {"metadata":{"emulator":{"name":"functions"},"message":"[worker-app-c1d86dc5-60cb-4951-8598-144c3ed07740]: IDLE"}}
[debug] [2021-04-03T17:22:14.548Z] [work-queue] {"queueLength":0,"workRunningCount":0}
[debug] [2021-04-03T17:22:14.549Z] [work-queue] {"queueLength":1,"workRunningCount":0}
[debug] [2021-04-03T17:22:14.549Z] [work-queue] {"queueLength":0,"workRunningCount":1}
[debug] [2021-04-03T17:22:14.549Z] Accepted request POST /portfolio-cd117/us-central1/app/email --> app
[debug] [2021-04-03T17:22:14.550Z] [worker-pool] submitWork(triggerId=app) {"metadata":{"emulator":{"name":"functions"},"message":"[worker-pool] submitWork(triggerId=app)"}}
[debug] [2021-04-03T17:22:14.550Z] [worker-app-c1d86dc5-60cb-4951-8598-144c3ed07740]: Assigning socketPath: \\?\pipe\D:\React-js Projects\portfolio\functions\16792 {"metadata":{"emulator":{"name":"functions"},"message":"[worker-app-c1d86dc5-60cb-4951-8598-144c3ed07740]: Assigning socketPath: \\\\?\\pipe\\D:\\React-js Projects\\portfolio\\functions\\16792"}}
[debug] [2021-04-03T17:22:14.550Z] [worker-app-c1d86dc5-60cb-4951-8598-144c3ed07740]: BUSY {"metadata":{"emulator":{"name":"functions"},"message":"[worker-app-c1d86dc5-60cb-4951-8598-144c3ed07740]: BUSY"}}
[debug] [2021-04-03T17:22:14.568Z] [runtime-status] [16792] Trigger "app" has been found, beginning invocation! {"metadata":{"emulator":{"name":"functions"},"function":{"name":"app"},"message":"[runtime-status] [16792] Trigger \"app\" has been found, beginning invocation!"}}
[info] i  functions: Beginning execution of "app" {"metadata":{"emulator":{"name":"functions"},"function":{"name":"app"},"message":"Beginning execution of \"app\""}}
[debug] [2021-04-03T17:22:14.569Z] [runtime-status] [16792] triggerDefinition {"httpsTrigger":{},"name":"app","entryPoint":"app"} {"metadata":{"emulator":{"name":"functions"},"function":{"name":"app"},"message":"[runtime-status] [16792] triggerDefinition {\"httpsTrigger\":{},\"name\":\"app\",\"entryPoint\":\"app\"}"}}
[debug] [2021-04-03T17:22:14.570Z] [runtime-status] [16792] Running app in mode HTTPS {"metadata":{"emulator":{"name":"functions"},"function":{"name":"app"},"message":"[runtime-status] [16792] Running app in mode HTTPS"}}
[debug] [2021-04-03T17:22:14.570Z] [runtime-status] [16792] Attempting to listen to socketPath: \\?\pipe\D:\React-js Projects\portfolio\functions\16792 {"metadata":{"emulator":{"name":"functions"},"function":{"name":"app"},"message":"[runtime-status] [16792] Attempting to listen to socketPath: \\\\?\\pipe\\D:\\React-js Projects\\portfolio\\functions\\16792"}}
[debug] [2021-04-03T17:22:14.572Z] [functions] Runtime ready! Sending request! {"metadata":{"emulator":{"name":"functions"},"message":"[functions] Runtime ready! Sending request!"}}
[debug] [2021-04-03T17:22:14.572Z] [functions] Got req.url=/portfolio-cd117/us-central1/app/email, mapping to path=/email {"metadata":{"emulator":{"name":"functions"},"message":"[functions] Got req.url=/portfolio-cd117/us-central1/app/email, mapping to path=/email"}}
[debug] [2021-04-03T17:22:14.576Z] [runtime-status] [16792] Ephemeral server handling POST request {"metadata":{"emulator":{"name":"functions"},"function":{"name":"app"},"message":"[runtime-status] [16792] Ephemeral server handling POST request"}}
[info] >  { email: 'harshkhare3@gmail.com', message: 'yoo' } {"user":"{ email: 'harshkhare3@gmail.com', message: 'yoo' }","metadata":{"emulator":{"name":"functions"},"function":{"name":"app"},"message":"\u001b[90m> \u001b[39m { email: 'harshkhare3@gmail.com', message: 'yoo' }"}}
[debug] [2021-04-03T17:22:14.578Z] [runtime-status] [16792] Ephemeral server survived. {"metadata":{"emulator":{"name":"functions"},"function":{"name":"app"},"message":"[runtime-status] [16792] Ephemeral server survived."}}
[info] i  functions: Finished "app" in ~2s {"metadata":{"emulator":{"name":"functions"},"function":{"name":"app"},"message":"Finished \"app\" in ~2s"}}
[debug] [2021-04-03T17:22:17.121Z] [worker-app-c1d86dc5-60cb-4951-8598-144c3ed07740]: IDLE {"metadata":{"emulator":{"name":"functions"},"message":"[worker-app-c1d86dc5-60cb-4951-8598-144c3ed07740]: IDLE"}}
[debug] [2021-04-03T17:22:17.122Z] [work-queue] {"queueLength":0,"workRunningCount":0}
